0 info it worked if it ends with ok
1 verbose cli [ 'C:\\Program Files\\nodejs\\node.exe',
1 verbose cli   'C:\\Users\\bunderwood\\AppData\\Roaming\\npm\\node_modules\\npm\\bin\\npm-cli.js',
1 verbose cli   'run',
1 verbose cli   'dev' ]
2 info using npm@4.0.5
3 info using node@v8.4.0
4 verbose run-script [ 'predev', 'dev', 'postdev' ]
5 info lifecycle Tribe_CMS@1.0.0~predev: Tribe_CMS@1.0.0
6 silly lifecycle Tribe_CMS@1.0.0~predev: no script for predev, continuing
7 info lifecycle Tribe_CMS@1.0.0~dev: Tribe_CMS@1.0.0
8 verbose lifecycle Tribe_CMS@1.0.0~dev: unsafe-perm in lifecycle true
9 verbose lifecycle Tribe_CMS@1.0.0~dev: PATH: C:\Users\bunderwood\AppData\Roaming\npm\node_modules\npm\bin\node-gyp-bin;D:\personal\Projects\TribeAPI\node_modules\.bin;C:\ProgramData\Oracle\Java\javapath;C:\Windows\system32;C:\Windows;C:\Windows\System32\Wbem;C:\Windows\System32\WindowsPowerShell\v1.0\;C:\Program Files\Microsoft SQL Server\110\Tools\Binn\;C:\Program Files (x86)\Common Files\Siemens\System;C:\Program Files (x86)\Microsoft SQL Server\100\Tools\Binn\VSShell\Common7\IDE\;C:\Program Files (x86)\Microsoft SQL Server\100\Tools\Binn\;C:\Program Files\Microsoft SQL Server\100\Tools\Binn\;C:\Program Files (x86)\Microsoft SQL Server\100\DTS\Binn\;C:\Program Files\Microsoft SQL Server\120\Tools\Binn\;D:\SandBox\AndroidSDK\platform-tools;D:\SandBox\AndroidSDK\tools;C:\Program Files\Microsoft\Web Platform Installer\;C:\Program Files\Java\jre1.8.0_73\bin;C:\Program Files\Git\cmd;C:\Program Files (x86)\Heroku\bin;C:\Program Files\nodejs\;C:\Applications\Atlassian\atlassian-plugin-sdk-6.2.2\bin;C:\Users\bunderwood\AppData\Local\atom\bin;C:\Users\bunderwood\AppData\Roaming\npm
10 verbose lifecycle Tribe_CMS@1.0.0~dev: CWD: D:\personal\Projects\TribeAPI
11 silly lifecycle Tribe_CMS@1.0.0~dev: Args: [ '/d /s /c', 'nodemon api/index.js --exec babel-node' ]
12 verbose stack Error: kill ENOSYS
12 verbose stack     at Object._errnoException (util.js:1041:11)
12 verbose stack     at process.kill (internal/process.js:184:18)
12 verbose stack     at process.listener (C:\Users\bunderwood\AppData\Roaming\npm\node_modules\npm\node_modules\npmlog\node_modules\gauge\node_modules\signal-exit\index.js:86:15)
12 verbose stack     at emitNone (events.js:110:20)
12 verbose stack     at process.emit (events.js:207:7)
12 verbose stack     at processEmit (C:\Users\bunderwood\AppData\Roaming\npm\node_modules\npm\node_modules\npmlog\node_modules\gauge\node_modules\signal-exit\index.js:146:32)
12 verbose stack     at processEmit (C:\Users\bunderwood\AppData\Roaming\npm\node_modules\npm\node_modules\npm-registry-client\node_modules\npmlog\node_modules\gauge\node_modules\signal-exit\index.js:146:32)
12 verbose stack     at Signal.wrap.onsignal (internal/process.js:209:44)
13 verbose cwd D:\personal\Projects\TribeAPI
14 error Windows_NT 6.1.7601
15 error argv "C:\\Program Files\\nodejs\\node.exe" "C:\\Users\\bunderwood\\AppData\\Roaming\\npm\\node_modules\\npm\\bin\\npm-cli.js" "run" "dev"
16 error node v8.4.0
17 error npm  v4.0.5
18 error code ENOSYS
19 error errno ENOSYS
20 error syscall kill
21 error kill ENOSYS
22 error If you need help, you may report this error at:
22 error     <https://github.com/npm/npm/issues>
23 verbose exit [ 1, true ]
